<project name="junit" default="junit">
  <description>
  Provides the JUnit tool and the Hackystat JUnit sensor.
  </description>

  <import file="build.xml"/>
  <import file="tomcat.build.xml"/>
  <property name="junit.dir" location="${build.dir}/junit" />

  <target name="junit" depends="junit.tool, junit.report, junit.sensor" description="Runs JUnit, JunitReport, and the sensor."/>

  <target name="junit.tool" depends="tomcat.deploy" description="Run JUnit tests.">
    <mkdir dir="${junit.dir}" />
    
    <!-- Copy the current packet store file to another place and replace it with a test store file 
    <move file="${env.CATALINA_HOME}/webapps/${system.name}${PacketStorePath}packetStore.txt"
   		tofile="${env.CATALINA_HOME}/webapps/${system.name}${PacketStorePath}backUpStore.txt"/>
    <copy file="${lib.dir}/test/test-packetstore.csv"
  		tofile="${env.CATALINA_HOME}/webapps/${system.name}${PacketStorePath}packetStore.txt"/> -->
    
    <!-- Run the tests, which are all classes whose name starts with 'Test'. -->
    <junit printsummary="withOutAndErr" haltonfailure="${junit.haltonfailure}">
      <classpath>
        <path refid="compile.classpath"/>
        <pathelement location="${env.HTTPUNIT_HOME}/jars/Tidy.jar"/>        
        <pathelement location="${env.HTTPUNIT_HOME}/jars/js.jar"/>        
      </classpath>
      <!-- System property containing development URL for use at runtime-->
      <sysproperty key="test.host" value="${test.host}"/>
      <sysproperty key="traffobase.context.root" value="${system.name}"/>
      <formatter type="xml" />
      <batchtest todir="${junit.dir}">
        <fileset dir="${src.dir}" includes="**/Test*.java"/>
      </batchtest>
    </junit>
    
    <!-- Move the original store file back. 
    <move file="${env.CATALINA_HOME}/webapps/${system.name}${PacketStorePath}backUpStore.txt"
       		tofile="${env.CATALINA_HOME}/webapps/${system.name}${PacketStorePath}packetStore.txt"/> -->
  </target>  

  <target name="junit.report" description="Generates an HTML report for JUnit.">
    <taskdef name="junitreport" classname="org.apache.tools.ant.taskdefs.optional.junit.XMLResultAggregator" />
    <junitreport todir="${junit.dir}">
      <fileset dir="${junit.dir}" includes="TEST-*.xml"/>
      <report format="frames" todir="${junit.dir}" />
    </junitreport>
  </target>
    
  <target name="junit.sensor" description="Sends UnitTest data to Hackystat using the JUnit sensor.">
    <!-- Define the junit sensor taskdef, failing the build if the sensor is not installed. -->
    <available classname="org.hackystat.sensor.junit.JUnitSensor" property="junit.sensor.available"/>
    <fail unless="junit.sensor.available" message="Error: JUnit sensor not installed."/>
    <taskdef name="hacky-junit" classname="org.hackystat.sensor.junit.JUnitSensor" />

    <!-- Send JUnit test data to hackystat using the JUnit sensor. -->
    <hacky-junit verbose="${hackystat.verbose.mode}" 
                 sourcePath="${src.dir}">
      <fileset dir="${junit.dir}" includes="TEST-*.xml"/>
    </hacky-junit>
  </target>
</project>
